<?xml version="1.0" encoding="UTF-8"?>
<!-- Generated by org.testng.reporters.JUnitXMLReporter -->
<testsuite ignored="0" hostname="DESKTOP-93BVKP5" failures="0" tests="0" name="Test" time="0.509" errors="0" timestamp="2024-09-02T17:05:56 IST">
  <testcase classname="io.cucumber.testng.AbstractTestNGCucumberTests" name="@BeforeClass setUpClass" time="0.334">
    <failure type="java.lang.IllegalArgumentException" message="Couldn&amp;apos;t create a file output stream for &amp;apos;target\cucumber-reports&amp;apos;.
Make sure the the file isn&amp;apos;t a directory.

Note: This usually happens when plugins write to colliding paths.
For example: &amp;apos;json:target/cucumber/report.json, html:target/cucumber&amp;apos;
You can fix this by making the paths do no collide.
For example: &amp;apos;json:target/cucumber/report.json, html:target/cucumber/report.html&amp;apos;
The details are in the stack trace below:">
      <![CDATA[java.lang.IllegalArgumentException: Couldn't create a file output stream for 'target\cucumber-reports'.
Make sure the the file isn't a directory.

Note: This usually happens when plugins write to colliding paths.
For example: 'json:target/cucumber/report.json, html:target/cucumber'
You can fix this by making the paths do no collide.
For example: 'json:target/cucumber/report.json, html:target/cucumber/report.html'
The details are in the stack trace below:
at io.cucumber.core.plugin.PluginFactory.createFileOutputStream(PluginFactory.java:240)
at io.cucumber.core.plugin.PluginFactory.openStream(PluginFactory.java:199)
at io.cucumber.core.plugin.PluginFactory.convert(PluginFactory.java:166)
at io.cucumber.core.plugin.PluginFactory.instantiate(PluginFactory.java:99)
at io.cucumber.core.plugin.PluginFactory.create(PluginFactory.java:63)
at io.cucumber.core.plugin.Plugins.createPlugins(Plugins.java:32)
at io.cucumber.core.plugin.Plugins.<init>(Plugins.java:25)
at io.cucumber.testng.TestNGCucumberRunner.<init>(TestNGCucumberRunner.java:108)
at io.cucumber.testng.AbstractTestNGCucumberTests.setUpClass(AbstractTestNGCucumberTests.java:27)
at java.base/java.util.ArrayList.forEach(ArrayList.java:1511)
Caused by: java.io.FileNotFoundException: D:\Selenium\SwagLab\target\cucumber-reports (Access is denied)
at java.base/java.io.FileOutputStream.open0(Native Method)
at java.base/java.io.FileOutputStream.open(FileOutputStream.java:293)
at java.base/java.io.FileOutputStream.<init>(FileOutputStream.java:235)
at java.base/java.io.FileOutputStream.<init>(FileOutputStream.java:184)
at io.cucumber.core.plugin.PluginFactory.createFileOutputStream(PluginFactory.java:237)
... 34 more
... Removed 25 stack frames]]>
    </failure>
  </testcase> <!-- @BeforeClass setUpClass -->
</testsuite> <!-- Test -->
